# JRE version: Java(TM) SE Runtime Environment (8.0_05-b13) (build 1.8.0_05-b13)
# Java VM: Java HotSpot(TM) 64-Bit Server VM (25.5-b02 mixed mode bsd-amd64 compressed oops)
Heap:
 PSYoungGen      total 22528K, used 12738K [0x00000007aab00000, 0x00000007ac480000, 0x00000007c0000000)
  eden space 18944K, 56% used [0x00000007aab00000,0x00000007ab568b80,0x00000007abd80000)
  from space 3584K, 58% used [0x00000007ac100000,0x00000007ac308000,0x00000007ac480000)
  to   space 3584K, 0% used [0x00000007abd80000,0x00000007abd80000,0x00000007ac100000)
 ParOldGen       total 64000K, used 6979K [0x0000000780000000, 0x0000000783e80000, 0x00000007aab00000)
  object space 64000K, 10% used [0x0000000780000000,0x00000007806d0dd0,0x0000000783e80000)
 Metaspace       used 6253K, capacity 7000K, committed 7168K, reserved 1056768K
  class space    used 639K, capacity 656K, committed 768K, reserved 1048576K
GC Heap History (10 events):
Event: 2.677 GC heap before
{Heap before GC invocations=8 (full 0):
 PSYoungGen      total 5632K, used 5604K [0x00000007aab00000, 0x00000007ab700000, 0x00000007c0000000)
  eden space 4096K, 100% used [0x00000007aab00000,0x00000007aaf00000,0x00000007aaf00000)
  from space 1536K, 98% used [0x00000007aaf00000,0x00000007ab079180,0x00000007ab080000)
  to   space 2048K, 0% used [0x00000007ab500000,0x00000007ab500000,0x00000007ab700000)
 ParOldGen       total 64000K, used 1523K [0x0000000780000000, 0x0000000783e80000, 0x00000007aab00000)
  object space 64000K, 2% used [0x0000000780000000,0x000000078017cdd8,0x0000000783e80000)
 Metaspace       used 5500K, capacity 6576K, committed 6784K, reserved 1056768K
  class space    used 582K, capacity 616K, committed 640K, reserved 1048576K
Event: 2.692 GC heap after
Heap after GC invocations=8 (full 0):
 PSYoungGen      total 9728K, used 1856K [0x00000007aab00000, 0x00000007ab800000, 0x00000007c0000000)
  eden space 7680K, 0% used [0x00000007aab00000,0x00000007aab00000,0x00000007ab280000)
  from space 2048K, 90% used [0x00000007ab500000,0x00000007ab6d0018,0x00000007ab700000)
  to   space 2560K, 0% used [0x00000007ab280000,0x00000007ab280000,0x00000007ab500000)
 ParOldGen       total 64000K, used 1634K [0x0000000780000000, 0x0000000783e80000, 0x00000007aab00000)
  object space 64000K, 2% used [0x0000000780000000,0x0000000780198ab0,0x0000000783e80000)
 Metaspace       used 5500K, capacity 6576K, committed 6784K, reserved 1056768K
  class space    used 582K, capacity 616K, committed 640K, reserved 1048576K
}
Event: 3.344 GC heap before
{Heap before GC invocations=9 (full 0):
 PSYoungGen      total 9728K, used 9536K [0x00000007aab00000, 0x00000007ab800000, 0x00000007c0000000)
  eden space 7680K, 100% used [0x00000007aab00000,0x00000007ab280000,0x00000007ab280000)
  from space 2048K, 90% used [0x00000007ab500000,0x00000007ab6d0018,0x00000007ab700000)
  to   space 2560K, 0% used [0x00000007ab280000,0x00000007ab280000,0x00000007ab500000)
 ParOldGen       total 64000K, used 1634K [0x0000000780000000, 0x0000000783e80000, 0x00000007aab00000)
  object space 64000K, 2% used [0x0000000780000000,0x0000000780198ab0,0x0000000783e80000)
 Metaspace       used 5549K, capacity 6640K, committed 6784K, reserved 1056768K
  class space    used 583K, capacity 616K, committed 640K, reserved 1048576K
Event: 3.360 GC heap after
Heap after GC invocations=9 (full 0):
 PSYoungGen      total 10240K, used 2528K [0x00000007aab00000, 0x00000007abd00000, 0x00000007c0000000)
  eden space 7680K, 0% used [0x00000007aab00000,0x00000007aab00000,0x00000007ab280000)
  from space 2560K, 98% used [0x00000007ab280000,0x00000007ab4f8018,0x00000007ab500000)
  to   space 3072K, 0% used [0x00000007aba00000,0x00000007aba00000,0x00000007abd00000)
 ParOldGen       total 64000K, used 2019K [0x0000000780000000, 0x0000000783e80000, 0x00000007aab00000)
  object space 64000K, 3% used [0x0000000780000000,0x00000007801f8e88,0x0000000783e80000)
 Metaspace       used 5549K, capacity 6640K, committed 6784K, reserved 1056768K
  class space    used 583K, capacity 616K, committed 640K, reserved 1048576K
}
Event: 3.820 GC heap before
{Heap before GC invocations=10 (full 0):
 PSYoungGen      total 10240K, used 10208K [0x00000007aab00000, 0x00000007abd00000, 0x00000007c0000000)
  eden space 7680K, 100% used [0x00000007aab00000,0x00000007ab280000,0x00000007ab280000)
  from space 2560K, 98% used [0x00000007ab280000,0x00000007ab4f8018,0x00000007ab500000)
  to   space 3072K, 0% used [0x00000007aba00000,0x00000007aba00000,0x00000007abd00000)
 ParOldGen       total 64000K, used 2019K [0x0000000780000000, 0x0000000783e80000, 0x00000007aab00000)
  object space 64000K, 3% used [0x0000000780000000,0x00000007801f8e88,0x0000000783e80000)
 Metaspace       used 5572K, capacity 6640K, committed 6784K, reserved 1056768K
  class space    used 584K, capacity 616K, committed 640K, reserved 1048576K
Event: 3.842 GC heap after
Heap after GC invocations=10 (full 0):
 PSYoungGen      total 14848K, used 2784K [0x00000007aab00000, 0x00000007abe00000, 0x00000007c0000000)
  eden space 11776K, 0% used [0x00000007aab00000,0x00000007aab00000,0x00000007ab680000)
  from space 3072K, 90% used [0x00000007aba00000,0x00000007abcb8010,0x00000007abd00000)
  to   space 3584K, 0% used [0x00000007ab680000,0x00000007ab680000,0x00000007aba00000)
 ParOldGen       total 64000K, used 3075K [0x0000000780000000, 0x0000000783e80000, 0x00000007aab00000)
  object space 64000K, 4% used [0x0000000780000000,0x0000000780300ec0,0x0000000783e80000)
 Metaspace       used 5572K, capacity 6640K, committed 6784K, reserved 1056768K
  class space    used 584K, capacity 616K, committed 640K, reserved 1048576K
}
Event: 4.544 GC heap before
{Heap before GC invocations=11 (full 0):
 PSYoungGen      total 14848K, used 14560K [0x00000007aab00000, 0x00000007abe00000, 0x00000007c0000000)
  eden space 11776K, 100% used [0x00000007aab00000,0x00000007ab680000,0x00000007ab680000)
  from space 3072K, 90% used [0x00000007aba00000,0x00000007abcb8010,0x00000007abd00000)
  to   space 3584K, 0% used [0x00000007ab680000,0x00000007ab680000,0x00000007aba00000)
 ParOldGen       total 64000K, used 3075K [0x0000000780000000, 0x0000000783e80000, 0x00000007aab00000)
  object space 64000K, 4% used [0x0000000780000000,0x0000000780300ec0,0x0000000783e80000)
 Metaspace       used 5613K, capacity 6704K, committed 6784K, reserved 1056768K
  class space    used 584K, capacity 616K, committed 640K, reserved 1048576K
Event: 4.561 GC heap after
Heap after GC invocations=11 (full 0):
 PSYoungGen      total 15360K, used 1888K [0x00000007aab00000, 0x00000007ac480000, 0x00000007c0000000)
  eden space 11776K, 0% used [0x00000007aab00000,0x00000007aab00000,0x00000007ab680000)
  from space 3584K, 52% used [0x00000007ab680000,0x00000007ab858000,0x00000007aba00000)
  to   space 3584K, 0% used [0x00000007ac100000,0x00000007ac100000,0x00000007ac480000)
 ParOldGen       total 64000K, used 5510K [0x0000000780000000, 0x0000000783e80000, 0x00000007aab00000)
  object space 64000K, 8% used [0x0000000780000000,0x00000007805619a8,0x0000000783e80000)
 Metaspace       used 5613K, capacity 6704K, committed 6784K, reserved 1056768K
  class space    used 584K, capacity 616K, committed 640K, reserved 1048576K
}
Event: 4.906 GC heap before
{Heap before GC invocations=12 (full 0):
 PSYoungGen      total 15360K, used 13664K [0x00000007aab00000, 0x00000007ac480000, 0x00000007c0000000)
  eden space 11776K, 100% used [0x00000007aab00000,0x00000007ab680000,0x00000007ab680000)
  from space 3584K, 52% used [0x00000007ab680000,0x00000007ab858000,0x00000007aba00000)
  to   space 3584K, 0% used [0x00000007ac100000,0x00000007ac100000,0x00000007ac480000)
 ParOldGen       total 64000K, used 5510K [0x0000000780000000, 0x0000000783e80000, 0x00000007aab00000)
  object space 64000K, 8% used [0x0000000780000000,0x00000007805619a8,0x0000000783e80000)
 Metaspace       used 5617K, capacity 6704K, committed 6784K, reserved 1056768K
  class space    used 584K, capacity 616K, committed 640K, reserved 1048576K
Event: 4.913 GC heap after
Heap after GC invocations=12 (full 0):
 PSYoungGen      total 22528K, used 2080K [0x00000007aab00000, 0x00000007ac480000, 0x00000007c0000000)
  eden space 18944K, 0% used [0x00000007aab00000,0x00000007aab00000,0x00000007abd80000)
  from space 3584K, 58% used [0x00000007ac100000,0x00000007ac308000,0x00000007ac480000)
  to   space 3584K, 0% used [0x00000007abd80000,0x00000007abd80000,0x00000007ac100000)
 ParOldGen       total 64000K, used 6979K [0x0000000780000000, 0x0000000783e80000, 0x00000007aab00000)
  object space 64000K, 10% used [0x0000000780000000,0x00000007806d0dd0,0x0000000783e80000)
 Metaspace       used 5617K, capacity 6704K, committed 6784K, reserved 1056768K
  class space    used 584K, capacity 616K, committed 640K, reserved 1048576K
}

