# JRE version: Java(TM) SE Runtime Environment (8.0_05-b13) (build 1.8.0_05-b13)
# Java VM: Java HotSpot(TM) 64-Bit Server VM (25.5-b02 mixed mode bsd-amd64 compressed oops)
Heap:
 PSYoungGen      total 84992K, used 70877K [0x00000007aab00000, 0x00000007b2b00000, 0x00000007c0000000)
  eden space 70144K, 83% used [0x00000007aab00000,0x00000007ae4617a8,0x00000007aef80000)
  from space 14848K, 81% used [0x00000007aef80000,0x00000007afb55c68,0x00000007afe00000)
  to   space 16384K, 0% used [0x00000007b1b00000,0x00000007b1b00000,0x00000007b2b00000)
 ParOldGen       total 64000K, used 47162K [0x0000000780000000, 0x0000000783e80000, 0x00000007aab00000)
  object space 64000K, 73% used [0x0000000780000000,0x0000000782e0e970,0x0000000783e80000)
 Metaspace       used 6620K, capacity 7320K, committed 7680K, reserved 1056768K
  class space    used 644K, capacity 656K, committed 768K, reserved 1048576K
GC Heap History (10 events):
Event: 6.875 GC heap before
{Heap before GC invocations=15 (full 0):
 PSYoungGen      total 36864K, used 35920K [0x00000007aab00000, 0x00000007ad380000, 0x00000007c0000000)
  eden space 32256K, 100% used [0x00000007aab00000,0x00000007aca80000,0x00000007aca80000)
  from space 4608K, 79% used [0x00000007acf00000,0x00000007ad294020,0x00000007ad380000)
  to   space 4608K, 0% used [0x00000007aca80000,0x00000007aca80000,0x00000007acf00000)
 ParOldGen       total 64000K, used 11418K [0x0000000780000000, 0x0000000783e80000, 0x00000007aab00000)
  object space 64000K, 17% used [0x0000000780000000,0x0000000780b26bc0,0x0000000783e80000)
 Metaspace       used 5715K, capacity 6768K, committed 7040K, reserved 1056768K
  class space    used 587K, capacity 616K, committed 640K, reserved 1048576K
Event: 6.902 GC heap after
Heap after GC invocations=15 (full 0):
 PSYoungGen      total 36864K, used 4598K [0x00000007aab00000, 0x00000007aec80000, 0x00000007c0000000)
  eden space 32256K, 0% used [0x00000007aab00000,0x00000007aab00000,0x00000007aca80000)
  from space 4608K, 99% used [0x00000007aca80000,0x00000007acefdbc0,0x00000007acf00000)
  to   space 7680K, 0% used [0x00000007ae500000,0x00000007ae500000,0x00000007aec80000)
 ParOldGen       total 64000K, used 16555K [0x0000000780000000, 0x0000000783e80000, 0x00000007aab00000)
  object space 64000K, 25% used [0x0000000780000000,0x000000078102ae78,0x0000000783e80000)
 Metaspace       used 5715K, capacity 6768K, committed 7040K, reserved 1056768K
  class space    used 587K, capacity 616K, committed 640K, reserved 1048576K
}
Event: 7.445 GC heap before
{Heap before GC invocations=16 (full 0):
 PSYoungGen      total 36864K, used 36854K [0x00000007aab00000, 0x00000007aec80000, 0x00000007c0000000)
  eden space 32256K, 100% used [0x00000007aab00000,0x00000007aca80000,0x00000007aca80000)
  from space 4608K, 99% used [0x00000007aca80000,0x00000007acefdbc0,0x00000007acf00000)
  to   space 7680K, 0% used [0x00000007ae500000,0x00000007ae500000,0x00000007aec80000)
 ParOldGen       total 64000K, used 16555K [0x0000000780000000, 0x0000000783e80000, 0x00000007aab00000)
  object space 64000K, 25% used [0x0000000780000000,0x000000078102ae78,0x0000000783e80000)
 Metaspace       used 5755K, capacity 6832K, committed 7040K, reserved 1056768K
  class space    used 587K, capacity 616K, committed 640K, reserved 1048576K
Event: 7.465 GC heap after
Heap after GC invocations=16 (full 0):
 PSYoungGen      total 58880K, used 6050K [0x00000007aab00000, 0x00000007aed80000, 0x00000007c0000000)
  eden space 51200K, 0% used [0x00000007aab00000,0x00000007aab00000,0x00000007add00000)
  from space 7680K, 78% used [0x00000007ae500000,0x00000007aeae8bc0,0x00000007aec80000)
  to   space 8192K, 0% used [0x00000007add00000,0x00000007add00000,0x00000007ae500000)
 ParOldGen       total 64000K, used 20639K [0x0000000780000000, 0x0000000783e80000, 0x00000007aab00000)
  object space 64000K, 32% used [0x0000000780000000,0x0000000781427c88,0x0000000783e80000)
 Metaspace       used 5755K, capacity 6832K, committed 7040K, reserved 1056768K
  class space    used 587K, capacity 616K, committed 640K, reserved 1048576K
}
Event: 8.334 GC heap before
{Heap before GC invocations=17 (full 0):
 PSYoungGen      total 58880K, used 57250K [0x00000007aab00000, 0x00000007aed80000, 0x00000007c0000000)
  eden space 51200K, 100% used [0x00000007aab00000,0x00000007add00000,0x00000007add00000)
  from space 7680K, 78% used [0x00000007ae500000,0x00000007aeae8bc0,0x00000007aec80000)
  to   space 8192K, 0% used [0x00000007add00000,0x00000007add00000,0x00000007ae500000)
 ParOldGen       total 64000K, used 20639K [0x0000000780000000, 0x0000000783e80000, 0x00000007aab00000)
  object space 64000K, 32% used [0x0000000780000000,0x0000000781427c88,0x0000000783e80000)
 Metaspace       used 5805K, capacity 6832K, committed 7040K, reserved 1056768K
  class space    used 588K, capacity 616K, committed 640K, reserved 1048576K
Event: 8.374 GC heap after
Heap after GC invocations=17 (full 0):
 PSYoungGen      total 59392K, used 8186K [0x00000007aab00000, 0x00000007b0b00000, 0x00000007c0000000)
  eden space 51200K, 0% used [0x00000007aab00000,0x00000007aab00000,0x00000007add00000)
  from space 8192K, 99% used [0x00000007add00000,0x00000007ae4fe860,0x00000007ae500000)
  to   space 13312K, 0% used [0x00000007afe00000,0x00000007afe00000,0x00000007b0b00000)
 ParOldGen       total 64000K, used 30930K [0x0000000780000000, 0x0000000783e80000, 0x00000007aab00000)
  object space 64000K, 48% used [0x0000000780000000,0x0000000781e34978,0x0000000783e80000)
 Metaspace       used 5805K, capacity 6832K, committed 7040K, reserved 1056768K
  class space    used 588K, capacity 616K, committed 640K, reserved 1048576K
}
Event: 9.165 GC heap before
{Heap before GC invocations=18 (full 0):
 PSYoungGen      total 59392K, used 59386K [0x00000007aab00000, 0x00000007b0b00000, 0x00000007c0000000)
  eden space 51200K, 100% used [0x00000007aab00000,0x00000007add00000,0x00000007add00000)
  from space 8192K, 99% used [0x00000007add00000,0x00000007ae4fe860,0x00000007ae500000)
  to   space 13312K, 0% used [0x00000007afe00000,0x00000007afe00000,0x00000007b0b00000)
 ParOldGen       total 64000K, used 30930K [0x0000000780000000, 0x0000000783e80000, 0x00000007aab00000)
  object space 64000K, 48% used [0x0000000780000000,0x0000000781e34978,0x0000000783e80000)
 Metaspace       used 5825K, capacity 6832K, committed 7040K, reserved 1056768K
  class space    used 589K, capacity 616K, committed 640K, reserved 1048576K
Event: 9.212 GC heap after
Heap after GC invocations=18 (full 0):
 PSYoungGen      total 83456K, used 10176K [0x00000007aab00000, 0x00000007b0e00000, 0x00000007c0000000)
  eden space 70144K, 0% used [0x00000007aab00000,0x00000007aab00000,0x00000007aef80000)
  from space 13312K, 76% used [0x00000007afe00000,0x00000007b07f0000,0x00000007b0b00000)
  to   space 14848K, 0% used [0x00000007aef80000,0x00000007aef80000,0x00000007afe00000)
 ParOldGen       total 64000K, used 38671K [0x0000000780000000, 0x0000000783e80000, 0x00000007aab00000)
  object space 64000K, 60% used [0x0000000780000000,0x00000007825c3e08,0x0000000783e80000)
 Metaspace       used 5825K, capacity 6832K, committed 7040K, reserved 1056768K
  class space    used 589K, capacity 616K, committed 640K, reserved 1048576K
}
Event: 10.585 GC heap before
{Heap before GC invocations=19 (full 0):
 PSYoungGen      total 83456K, used 80320K [0x00000007aab00000, 0x00000007b0e00000, 0x00000007c0000000)
  eden space 70144K, 100% used [0x00000007aab00000,0x00000007aef80000,0x00000007aef80000)
  from space 13312K, 76% used [0x00000007afe00000,0x00000007b07f0000,0x00000007b0b00000)
  to   space 14848K, 0% used [0x00000007aef80000,0x00000007aef80000,0x00000007afe00000)
 ParOldGen       total 64000K, used 38671K [0x0000000780000000, 0x0000000783e80000, 0x00000007aab00000)
  object space 64000K, 60% used [0x0000000780000000,0x00000007825c3e08,0x0000000783e80000)
 Metaspace       used 5908K, capacity 6960K, committed 7040K, reserved 1056768K
  class space    used 589K, capacity 616K, committed 640K, reserved 1048576K
Event: 10.628 GC heap after
Heap after GC invocations=19 (full 0):
 PSYoungGen      total 84992K, used 12119K [0x00000007aab00000, 0x00000007b2b00000, 0x00000007c0000000)
  eden space 70144K, 0% used [0x00000007aab00000,0x00000007aab00000,0x00000007aef80000)
  from space 14848K, 81% used [0x00000007aef80000,0x00000007afb55c68,0x00000007afe00000)
  to   space 16384K, 0% used [0x00000007b1b00000,0x00000007b1b00000,0x00000007b2b00000)
 ParOldGen       total 64000K, used 47162K [0x0000000780000000, 0x0000000783e80000, 0x00000007aab00000)
  object space 64000K, 73% used [0x0000000780000000,0x0000000782e0e970,0x0000000783e80000)
 Metaspace       used 5908K, capacity 6960K, committed 7040K, reserved 1056768K
  class space    used 589K, capacity 616K, committed 640K, reserved 1048576K
}

